<?xml version="1.0" encoding="UTF-8"?>
<coverage generated="1469153481">
  <project timestamp="1469153481">
    <package name="Bluora\Yandex">
      <file name="/srv/packages/laravel-yandex-translate/src/Exception.php">
        <class name="Exception" namespace="Bluora\Yandex">
          <metrics methods="0" coveredmethods="0" conditionals="0" coveredconditionals="0" statements="0" coveredstatements="0" elements="0" coveredelements="0"/>
        </class>
        <metrics loc="12" ncloc="8" classes="1" methods="0" coveredmethods="0" conditionals="0" coveredconditionals="0" statements="0" coveredstatements="0" elements="0" coveredelements="0"/>
      </file>
      <file name="/srv/packages/laravel-yandex-translate/src/Translate.php">
        <class name="Translate" namespace="Bluora\Yandex">
          <metrics methods="5" coveredmethods="1" conditionals="0" coveredconditionals="0" statements="42" coveredstatements="27" elements="47" coveredelements="28"/>
        </class>
        <line num="54" type="method" name="__construct" crap="3.04" count="2"/>
        <line num="56" type="stmt" count="2"/>
        <line num="57" type="stmt" count="2"/>
        <line num="58" type="stmt" count="0"/>
        <line num="60" type="stmt" count="2"/>
        <line num="61" type="stmt" count="2"/>
        <line num="62" type="stmt" count="2"/>
        <line num="72" type="method" name="getSupportedLanguages" crap="2" count="0"/>
        <line num="74" type="stmt" count="0"/>
        <line num="75" type="stmt" count="0"/>
        <line num="87" type="method" name="detect" crap="2" count="0"/>
        <line num="89" type="stmt" count="0"/>
        <line num="90" type="stmt" count="0"/>
        <line num="93" type="stmt" count="0"/>
        <line num="107" type="method" name="translate" crap="4" count="2"/>
        <line num="109" type="stmt" count="2"/>
        <line num="111" type="stmt" count="2"/>
        <line num="112" type="stmt" count="2"/>
        <line num="113" type="stmt" count="2"/>
        <line num="114" type="stmt" count="2"/>
        <line num="115" type="stmt" count="2"/>
        <line num="118" type="stmt" count="2"/>
        <line num="119" type="stmt" count="1"/>
        <line num="122" type="stmt" count="2"/>
        <line num="133" type="method" name="execute" crap="16.85" count="2"/>
        <line num="135" type="stmt" count="2"/>
        <line num="136" type="stmt" count="2"/>
        <line num="137" type="stmt" count="2"/>
        <line num="139" type="stmt" count="2"/>
        <line num="141" type="stmt" count="2"/>
        <line num="142" type="stmt" count="1"/>
        <line num="145" type="stmt" count="2"/>
        <line num="147" type="stmt" count="2"/>
        <line num="148" type="stmt" count="2"/>
        <line num="149" type="stmt" count="0"/>
        <line num="152" type="stmt" count="2"/>
        <line num="153" type="stmt" count="2"/>
        <line num="154" type="stmt" count="0"/>
        <line num="155" type="stmt" count="0"/>
        <line num="156" type="stmt" count="0"/>
        <line num="157" type="stmt" count="0"/>
        <line num="158" type="stmt" count="0"/>
        <line num="160" type="stmt" count="0"/>
        <line num="164" type="stmt" count="0"/>
        <line num="165" type="stmt" count="2"/>
        <line num="166" type="stmt" count="0"/>
        <line num="169" type="stmt" count="2"/>
        <metrics loc="171" ncloc="111" classes="1" methods="5" coveredmethods="1" conditionals="0" coveredconditionals="0" statements="42" coveredstatements="27" elements="47" coveredelements="28"/>
      </file>
      <file name="/srv/packages/laravel-yandex-translate/src/Translation.php">
        <class name="Translation" namespace="Bluora\Yandex">
          <metrics methods="6" coveredmethods="5" conditionals="0" coveredconditionals="0" statements="11" coveredstatements="8" elements="17" coveredelements="13"/>
        </class>
        <line num="33" type="method" name="__construct" crap="1" count="2"/>
        <line num="35" type="stmt" count="2"/>
        <line num="36" type="stmt" count="2"/>
        <line num="37" type="stmt" count="2"/>
        <line num="38" type="stmt" count="2"/>
        <line num="45" type="method" name="getOriginal" crap="1" count="2"/>
        <line num="47" type="stmt" count="2"/>
        <line num="55" type="method" name="getTranslation" crap="1" count="2"/>
        <line num="57" type="stmt" count="2"/>
        <line num="65" type="method" name="getOriginalLanguage" crap="1" count="2"/>
        <line num="67" type="stmt" count="2"/>
        <line num="75" type="method" name="getTranslationLanguage" crap="1" count="2"/>
        <line num="77" type="stmt" count="2"/>
        <line num="85" type="method" name="__toString" crap="6" count="0"/>
        <line num="87" type="stmt" count="0"/>
        <line num="88" type="stmt" count="0"/>
        <line num="91" type="stmt" count="0"/>
        <metrics loc="93" ncloc="47" classes="1" methods="6" coveredmethods="5" conditionals="0" coveredconditionals="0" statements="11" coveredstatements="8" elements="17" coveredelements="13"/>
      </file>
    </package>
    <package name="Bluora\Yandex\Facades">
      <file name="/srv/packages/laravel-yandex-translate/src/Facades/YandexTranslateFacade.php">
        <class name="YandexTranslateFacade" namespace="Bluora\Yandex\Facades">
          <metrics methods="1" coveredmethods="0" conditionals="0" coveredconditionals="0" statements="3" coveredstatements="0" elements="4" coveredelements="0"/>
        </class>
        <line num="15" type="method" name="getFacadeAccessor" crap="2" count="0"/>
        <line num="16" type="stmt" count="0"/>
        <line num="17" type="stmt" count="0"/>
        <line num="18" type="stmt" count="0"/>
        <metrics loc="19" ncloc="14" classes="1" methods="1" coveredmethods="0" conditionals="0" coveredconditionals="0" statements="3" coveredstatements="0" elements="4" coveredelements="0"/>
      </file>
    </package>
    <package name="Bluora\Yandex\Providers">
      <file name="/srv/packages/laravel-yandex-translate/src/Providers/YandexTranslateServiceProvider.php">
        <class name="YandexTranslateServiceProvider" namespace="Bluora\Yandex\Providers">
          <metrics methods="3" coveredmethods="0" conditionals="0" coveredconditionals="0" statements="6" coveredstatements="0" elements="9" coveredelements="0"/>
        </class>
        <line num="22" type="method" name="register" crap="2" count="0"/>
        <line num="23" type="stmt" count="0"/>
        <line num="24" type="method" name="anonymous function" crap="2" count="0"/>
        <line num="25" type="stmt" count="0"/>
        <line num="26" type="stmt" count="0"/>
        <line num="27" type="stmt" count="0"/>
        <line num="34" type="method" name="provides" crap="2" count="0"/>
        <line num="35" type="stmt" count="0"/>
        <line num="36" type="stmt" count="0"/>
        <line num="37" type="stmt" count="0"/>
        <metrics loc="38" ncloc="23" classes="1" methods="3" coveredmethods="0" conditionals="0" coveredconditionals="0" statements="7" coveredstatements="0" elements="10" coveredelements="0"/>
      </file>
    </package>
    <metrics files="5" loc="333" ncloc="203" classes="5" methods="15" coveredmethods="6" conditionals="0" coveredconditionals="0" statements="63" coveredstatements="35" elements="78" coveredelements="41"/>
  </project>
</coverage>
